Build started 2016/4/15 11:20:52.
     1>Project "E:\fileTran\cpwd7Rj\cpwd7\cpwd7.vcxproj" on node 2 (rebuild target(s)).
     1>_PrepareForClean:
         Deleting file "Release\cpwd7.lastbuildstate".
       InitializeBuildStatus:
         Creating "Release\cpwd7.unsuccessfulbuild" because "AlwaysCreate" was specified.
       ClCompile:
         D:\Program Files (x86)\Microsoft Visual Studio 10.0\VC\bin\CL.exe /c /Zi /nologo /W3 /WX- /O2 /Oi /Oy- /GL /D WIN32 /D NDEBUG /D _CONSOLE /D _UNICODE /D UNICODE /Gm- /EHsc /MT /GS /Gy /fp:precise /Zc:wchar_t /Zc:forScope /Fo"Release\\" /Fd"Release\vc100.pdb" /Gd /TP /analyze- /errorReport:prompt cpwd7.cpp
         cpwd7.cpp
     1>cpwd7.cpp(50): warning C4244: '=' : conversion from 'double' to 'int', possible loss of data
     1>cpwd7.cpp(57): warning C4018: '<=' : signed/unsigned mismatch
       Link:
         D:\Program Files (x86)\Microsoft Visual Studio 10.0\VC\bin\link.exe /ERRORREPORT:PROMPT /OUT:"E:\fileTran\cpwd7Rj\Release\cpwd7.exe" /INCREMENTAL:NO /NOLOGO kernel32.lib user32.lib gdi32.lib winspool.lib comdlg32.lib advapi32.lib shell32.lib ole32.lib oleaut32.lib uuid.lib odbc32.lib odbccp32.lib /MANIFEST /ManifestFile:"Release\cpwd7.exe.intermediate.manifest" /MANIFESTUAC:"level='asInvoker' uiAccess='false'" /DEBUG /PDB:"E:\fileTran\cpwd7Rj\Release\cpwd7.pdb" /SUBSYSTEM:CONSOLE /OPT:REF /OPT:ICF /LTCG /TLBID:1 /DYNAMICBASE /NXCOMPAT /IMPLIB:"E:\fileTran\cpwd7Rj\Release\cpwd7.lib" /MACHINE:X86 Release\cpwd7.obj
         Generating code
         Finished generating code
         cpwd7.vcxproj -> E:\fileTran\cpwd7Rj\Release\cpwd7.exe
       Manifest:
         C:\Program Files (x86)\Microsoft SDKs\Windows\v7.0A\bin\mt.exe /nologo /verbose /outputresource:"E:\fileTran\cpwd7Rj\Release\cpwd7.exe;#1" /manifest Release\cpwd7.exe.intermediate.manifest
       FinalizeBuildStatus:
         Deleting file "Release\cpwd7.unsuccessfulbuild".
         Touching "Release\cpwd7.lastbuildstate".
     1>Done Building Project "E:\fileTran\cpwd7Rj\cpwd7\cpwd7.vcxproj" (rebuild target(s)).

Build succeeded.

Time Elapsed 00:00:01.28
