E:\FILETRAN\CPWD7\CPWD7\DEBUG\CPWD7.EXE.EMBED.MANIFEST
E:\FILETRAN\CPWD7\CPWD7\DEBUG\CPWD7.EXE.EMBED.MANIFEST.RES
E:\FILETRAN\CPWD7\CPWD7\DEBUG\CPWD7.EXE.INTERMEDIATE.MANIFEST
E:\FILETRAN\CPWD7\CPWD7\DEBUG\CPWD7.OBJ
E:\FILETRAN\CPWD7\CPWD7\DEBUG\VC100.PDB
E:\FILETRAN\CPWD7\DEBUG\CPWD7.EXE
E:\FILETRAN\CPWD7\DEBUG\CPWD7.ILK
E:\FILETRAN\CPWD7\DEBUG\CPWD7.PDB
E:\fileTran\cpwd7Rj\cpwd7\Debug\cl.command.1.tlog
E:\fileTran\cpwd7Rj\cpwd7\Debug\CL.read.1.tlog
E:\fileTran\cpwd7Rj\cpwd7\Debug\CL.write.1.tlog
E:\fileTran\cpwd7Rj\cpwd7\Debug\cpwd7.write.1.tlog
E:\fileTran\cpwd7Rj\cpwd7\Debug\cpwd7_manifest.rc
E:\fileTran\cpwd7Rj\cpwd7\Debug\link.5440.read.1.tlog
E:\fileTran\cpwd7Rj\cpwd7\Debug\link.5440.write.1.tlog
E:\fileTran\cpwd7Rj\cpwd7\Debug\link.5440-cvtres.read.1.tlog
E:\fileTran\cpwd7Rj\cpwd7\Debug\link.5440-cvtres.write.1.tlog
E:\fileTran\cpwd7Rj\cpwd7\Debug\link.command.1.tlog
E:\fileTran\cpwd7Rj\cpwd7\Debug\link.read.1.tlog
E:\fileTran\cpwd7Rj\cpwd7\Debug\link.write.1.tlog
E:\fileTran\cpwd7Rj\cpwd7\Debug\link-cvtres.read.1.tlog
E:\fileTran\cpwd7Rj\cpwd7\Debug\link-cvtres.write.1.tlog
E:\fileTran\cpwd7Rj\cpwd7\Debug\mt.command.1.tlog
E:\fileTran\cpwd7Rj\cpwd7\Debug\mt.read.1.tlog
E:\fileTran\cpwd7Rj\cpwd7\Debug\mt.write.1.tlog
E:\fileTran\cpwd7Rj\cpwd7\Debug\rc.command.1.tlog
E:\fileTran\cpwd7Rj\cpwd7\Debug\rc.read.1.tlog
E:\fileTran\cpwd7Rj\cpwd7\Debug\rc.write.1.tlog
E:\fileTran\cpwd7Rj\cpwd7\Debug\vc100.idb
